Flow report for seg7
Mon Dec 12 21:40:33 2016
Quartus II 64-Bit Version 12.1 Build 177 11/07/2012 SJ Full Version


---------------------
; Table of Contents ;
---------------------
  1. Legal Notice
  2. Flow Summary
  3. Flow Settings
  4. Flow Non-Default Global Settings
  5. Flow Elapsed Time
  6. Flow OS Summary
  7. Flow Log



----------------
; Legal Notice ;
----------------
Copyright (C) 1991-2012 Altera Corporation
Your use of Altera Corporation's design tools, logic functions 
and other software and tools, and its AMPP partner logic 
functions, and any output files from any of the foregoing 
(including device programming or simulation files), and any 
associated documentation or information are expressly subject 
to the terms and conditions of the Altera Program License 
Subscription Agreement, Altera MegaCore Function License 
Agreement, or other applicable license agreement, including, 
without limitation, that your use is for the sole purpose of 
programming logic devices manufactured by Altera and sold by 
Altera or its authorized distributors.  Please refer to the 
applicable agreement for further details.



+--------------------------------------------------------------------------------+
; Flow Summary                                                                   ;
+------------------------------------+-------------------------------------------+
; Flow Status                        ; Successful - Mon Dec 12 21:40:26 2016     ;
; Quartus II 64-Bit Version          ; 12.1 Build 177 11/07/2012 SJ Full Version ;
; Revision Name                      ; seg7                                      ;
; Top-level Entity Name              ; seg7                                      ;
; Family                             ; Cyclone IV E                              ;
; Device                             ; EP4CE6F17C8                               ;
; Timing Models                      ; Final                                     ;
; Total logic elements               ; 202 / 6,272 ( 3 % )                       ;
;     Total combinational functions  ; 201 / 6,272 ( 3 % )                       ;
;     Dedicated logic registers      ; 111 / 6,272 ( 2 % )                       ;
; Total registers                    ; 111                                       ;
; Total pins                         ; 16 / 180 ( 9 % )                          ;
; Total virtual pins                 ; 0                                         ;
; Total memory bits                  ; 0 / 276,480 ( 0 % )                       ;
; Embedded Multiplier 9-bit elements ; 0 / 30 ( 0 % )                            ;
; Total PLLs                         ; 0 / 2 ( 0 % )                             ;
+------------------------------------+-------------------------------------------+


+-----------------------------------------+
; Flow Settings                           ;
+-------------------+---------------------+
; Option            ; Setting             ;
+-------------------+---------------------+
; Start date & time ; 12/12/2016 21:40:06 ;
; Main task         ; Compilation         ;
; Revision Name     ; seg7                ;
+-------------------+---------------------+


+-----------------------------------------------------------------------------------------------------------------+
; Flow Non-Default Global Settings                                                                                ;
+-------------------------------------+--------------------------------+---------------+-------------+------------+
; Assignment Name                     ; Value                          ; Default Value ; Entity Name ; Section Id ;
+-------------------------------------+--------------------------------+---------------+-------------+------------+
; COMPILER_SIGNATURE_ID               ; 31366889090379.148155000601772 ; --            ; --          ; --         ;
; MAX_CORE_JUNCTION_TEMP              ; 85                             ; --            ; --          ; --         ;
; MIN_CORE_JUNCTION_TEMP              ; 0                              ; --            ; --          ; --         ;
; NOMINAL_CORE_SUPPLY_VOLTAGE         ; 1.2V                           ; --            ; --          ; --         ;
; PARTITION_COLOR                     ; 16764057                       ; --            ; --          ; Top        ;
; PARTITION_FITTER_PRESERVATION_LEVEL ; PLACEMENT_AND_ROUTING          ; --            ; --          ; Top        ;
; PARTITION_NETLIST_TYPE              ; SOURCE                         ; --            ; --          ; Top        ;
; PROJECT_OUTPUT_DIRECTORY            ; output_files                   ; --            ; --          ; --         ;
+-------------------------------------+--------------------------------+---------------+-------------+------------+


+-------------------------------------------------------------------------------------------------------------------------------+
; Flow Elapsed Time                                                                                                             ;
+---------------------------+--------------+-------------------------+---------------------+------------------------------------+
; Module Name               ; Elapsed Time ; Average Processors Used ; Peak Virtual Memory ; Total CPU Time (on all processors) ;
+---------------------------+--------------+-------------------------+---------------------+------------------------------------+
; Analysis & Synthesis      ; 00:00:01     ; 1.0                     ; 436 MB              ; 00:00:01                           ;
; Fitter                    ; 00:00:07     ; 1.0                     ; 690 MB              ; 00:00:06                           ;
; Assembler                 ; 00:00:01     ; 1.0                     ; 405 MB              ; 00:00:01                           ;
; TimeQuest Timing Analyzer ; 00:00:02     ; 1.0                     ; 464 MB              ; 00:00:02                           ;
; Total                     ; 00:00:11     ; --                      ; --                  ; 00:00:10                           ;
+---------------------------+--------------+-------------------------+---------------------+------------------------------------+


+----------------------------------------------------------------------------------------+
; Flow OS Summary                                                                        ;
+---------------------------+------------------+-----------+------------+----------------+
; Module Name               ; Machine Hostname ; OS Name   ; OS Version ; Processor type ;
+---------------------------+------------------+-----------+------------+----------------+
; Analysis & Synthesis      ; AVIC             ; Windows 7 ; 6.1        ; x86_64         ;
; Fitter                    ; AVIC             ; Windows 7 ; 6.1        ; x86_64         ;
; Assembler                 ; AVIC             ; Windows 7 ; 6.1        ; x86_64         ;
; TimeQuest Timing Analyzer ; AVIC             ; Windows 7 ; 6.1        ; x86_64         ;
+---------------------------+------------------+-----------+------------+----------------+


------------
; Flow Log ;
------------
quartus_map --read_settings_files=on --write_settings_files=off seg7 -c seg7
quartus_fit --read_settings_files=off --write_settings_files=off seg7 -c seg7
quartus_asm --read_settings_files=off --write_settings_files=off seg7 -c seg7
quartus_sta seg7 -c seg7



