Flow report for uart_tx
Wed Dec 14 20:11:29 2016
Quartus II 64-Bit Version 12.1 Build 177 11/07/2012 SJ Full Version


---------------------
; Table of Contents ;
---------------------
  1. Legal Notice
  2. Flow Summary
  3. Flow Settings
  4. Flow Non-Default Global Settings
  5. Flow Elapsed Time
  6. Flow OS Summary
  7. Flow Log



----------------
; Legal Notice ;
----------------
Copyright (C) 1991-2012 Altera Corporation
Your use of Altera Corporation's design tools, logic functions 
and other software and tools, and its AMPP partner logic 
functions, and any output files from any of the foregoing 
(including device programming or simulation files), and any 
associated documentation or information are expressly subject 
to the terms and conditions of the Altera Program License 
Subscription Agreement, Altera MegaCore Function License 
Agreement, or other applicable license agreement, including, 
without limitation, that your use is for the sole purpose of 
programming logic devices manufactured by Altera and sold by 
Altera or its authorized distributors.  Please refer to the 
applicable agreement for further details.



+--------------------------------------------------------------------------------+
; Flow Summary                                                                   ;
+------------------------------------+-------------------------------------------+
; Flow Status                        ; Successful - Wed Dec 14 20:11:27 2016     ;
; Quartus II 64-Bit Version          ; 12.1 Build 177 11/07/2012 SJ Full Version ;
; Revision Name                      ; uart_tx                                   ;
; Top-level Entity Name              ; uart_tx_fifo                              ;
; Family                             ; Cyclone IV E                              ;
; Device                             ; EP4CE6F17C8                               ;
; Timing Models                      ; Final                                     ;
; Total logic elements               ; 173 / 6,272 ( 3 % )                       ;
;     Total combinational functions  ; 168 / 6,272 ( 3 % )                       ;
;     Dedicated logic registers      ; 107 / 6,272 ( 2 % )                       ;
; Total registers                    ; 107                                       ;
; Total pins                         ; 3 / 180 ( 2 % )                           ;
; Total virtual pins                 ; 0                                         ;
; Total memory bits                  ; 2,048 / 276,480 ( < 1 % )                 ;
; Embedded Multiplier 9-bit elements ; 0 / 30 ( 0 % )                            ;
; Total PLLs                         ; 0 / 2 ( 0 % )                             ;
+------------------------------------+-------------------------------------------+


+-----------------------------------------+
; Flow Settings                           ;
+-------------------+---------------------+
; Option            ; Setting             ;
+-------------------+---------------------+
; Start date & time ; 12/14/2016 20:11:17 ;
; Main task         ; Compilation         ;
; Revision Name     ; uart_tx             ;
+-------------------+---------------------+


+------------------------------------------------------------------------------------------------------------------+
; Flow Non-Default Global Settings                                                                                 ;
+-------------------------------------+--------------------------------+---------------+--------------+------------+
; Assignment Name                     ; Value                          ; Default Value ; Entity Name  ; Section Id ;
+-------------------------------------+--------------------------------+---------------+--------------+------------+
; COMPILER_SIGNATURE_ID               ; 48736235586595.148171747709176 ; --            ; --           ; --         ;
; ENABLE_SIGNALTAP                    ; On                             ; --            ; --           ; --         ;
; IP_TOOL_NAME                        ; FIFO                           ; --            ; --           ; --         ;
; IP_TOOL_VERSION                     ; 12.1                           ; --            ; --           ; --         ;
; MAX_CORE_JUNCTION_TEMP              ; 85                             ; --            ; --           ; --         ;
; MIN_CORE_JUNCTION_TEMP              ; 0                              ; --            ; --           ; --         ;
; MISC_FILE                           ; uart_buf.cmp                   ; --            ; --           ; --         ;
; NOMINAL_CORE_SUPPLY_VOLTAGE         ; 1.2V                           ; --            ; --           ; --         ;
; PARTITION_COLOR                     ; 16764057                       ; --            ; uart_tx_fifo ; Top        ;
; PARTITION_FITTER_PRESERVATION_LEVEL ; PLACEMENT_AND_ROUTING          ; --            ; uart_tx_fifo ; Top        ;
; PARTITION_NETLIST_TYPE              ; SOURCE                         ; --            ; uart_tx_fifo ; Top        ;
; PROJECT_OUTPUT_DIRECTORY            ; output_files                   ; --            ; --           ; --         ;
; TOP_LEVEL_ENTITY                    ; uart_tx_fifo                   ; uart_tx       ; --           ; --         ;
; USE_SIGNALTAP_FILE                  ; output_files/stp1.stp          ; --            ; --           ; --         ;
+-------------------------------------+--------------------------------+---------------+--------------+------------+


+-------------------------------------------------------------------------------------------------------------------------------+
; Flow Elapsed Time                                                                                                             ;
+---------------------------+--------------+-------------------------+---------------------+------------------------------------+
; Module Name               ; Elapsed Time ; Average Processors Used ; Peak Virtual Memory ; Total CPU Time (on all processors) ;
+---------------------------+--------------+-------------------------+---------------------+------------------------------------+
; Analysis & Synthesis      ; 00:00:03     ; 1.0                     ; 488 MB              ; 00:00:02                           ;
; Fitter                    ; 00:00:05     ; 1.0                     ; 687 MB              ; 00:00:05                           ;
; Assembler                 ; 00:00:01     ; 1.0                     ; 404 MB              ; 00:00:01                           ;
; TimeQuest Timing Analyzer ; 00:00:02     ; 1.0                     ; 460 MB              ; 00:00:02                           ;
; Total                     ; 00:00:11     ; --                      ; --                  ; 00:00:10                           ;
+---------------------------+--------------+-------------------------+---------------------+------------------------------------+


+----------------------------------------------------------------------------------------+
; Flow OS Summary                                                                        ;
+---------------------------+------------------+-----------+------------+----------------+
; Module Name               ; Machine Hostname ; OS Name   ; OS Version ; Processor type ;
+---------------------------+------------------+-----------+------------+----------------+
; Analysis & Synthesis      ; LUO              ; Windows 7 ; 6.1        ; x86_64         ;
; Fitter                    ; LUO              ; Windows 7 ; 6.1        ; x86_64         ;
; Assembler                 ; LUO              ; Windows 7 ; 6.1        ; x86_64         ;
; TimeQuest Timing Analyzer ; LUO              ; Windows 7 ; 6.1        ; x86_64         ;
+---------------------------+------------------+-----------+------------+----------------+


------------
; Flow Log ;
------------
quartus_map --read_settings_files=on --write_settings_files=off uart_tx -c uart_tx
quartus_fit --read_settings_files=off --write_settings_files=off uart_tx -c uart_tx
quartus_asm --read_settings_files=off --write_settings_files=off uart_tx -c uart_tx
quartus_sta uart_tx -c uart_tx



