Flow report for DEMO_A
Mon Apr 17 12:53:59 2017
Quartus II 64-Bit Version 12.1 Build 177 11/07/2012 SJ Full Version


---------------------
; Table of Contents ;
---------------------
  1. Legal Notice
  2. Flow Summary
  3. Flow Settings
  4. Flow Non-Default Global Settings
  5. Flow Elapsed Time
  6. Flow OS Summary
  7. Flow Log



----------------
; Legal Notice ;
----------------
Copyright (C) 1991-2012 Altera Corporation
Your use of Altera Corporation's design tools, logic functions 
and other software and tools, and its AMPP partner logic 
functions, and any output files from any of the foregoing 
(including device programming or simulation files), and any 
associated documentation or information are expressly subject 
to the terms and conditions of the Altera Program License 
Subscription Agreement, Altera MegaCore Function License 
Agreement, or other applicable license agreement, including, 
without limitation, that your use is for the sole purpose of 
programming logic devices manufactured by Altera and sold by 
Altera or its authorized distributors.  Please refer to the 
applicable agreement for further details.



+--------------------------------------------------------------------------------+
; Flow Summary                                                                   ;
+------------------------------------+-------------------------------------------+
; Flow Status                        ; Successful - Mon Apr 17 12:53:43 2017     ;
; Quartus II 64-Bit Version          ; 12.1 Build 177 11/07/2012 SJ Full Version ;
; Revision Name                      ; DEMO_A                                    ;
; Top-level Entity Name              ; DEMO_A                                    ;
; Family                             ; Cyclone IV E                              ;
; Device                             ; EP4CE6F17C8                               ;
; Timing Models                      ; Final                                     ;
; Total logic elements               ; 2,116 / 6,272 ( 34 % )                    ;
;     Total combinational functions  ; 1,922 / 6,272 ( 31 % )                    ;
;     Dedicated logic registers      ; 1,214 / 6,272 ( 19 % )                    ;
; Total registers                    ; 1230                                      ;
; Total pins                         ; 90 / 180 ( 50 % )                         ;
; Total virtual pins                 ; 0                                         ;
; Total memory bits                  ; 16,384 / 276,480 ( 6 % )                  ;
; Embedded Multiplier 9-bit elements ; 0 / 30 ( 0 % )                            ;
; Total PLLs                         ; 1 / 2 ( 50 % )                            ;
+------------------------------------+-------------------------------------------+


+-----------------------------------------+
; Flow Settings                           ;
+-------------------+---------------------+
; Option            ; Setting             ;
+-------------------+---------------------+
; Start date & time ; 04/17/2017 12:53:03 ;
; Main task         ; Compilation         ;
; Revision Name     ; DEMO_A              ;
+-------------------+---------------------+


+-----------------------------------------------------------------------------------------------------------------+
; Flow Non-Default Global Settings                                                                                ;
+-------------------------------------+--------------------------------+---------------+-------------+------------+
; Assignment Name                     ; Value                          ; Default Value ; Entity Name ; Section Id ;
+-------------------------------------+--------------------------------+---------------+-------------+------------+
; COMPILER_SIGNATURE_ID               ; 48736235528460.149240478308396 ; --            ; --          ; --         ;
; ENABLE_SIGNALTAP                    ; Off                            ; --            ; --          ; --         ;
; IP_TOOL_NAME                        ; ALTPLL                         ; --            ; --          ; --         ;
; IP_TOOL_NAME                        ; FIFO                           ; --            ; --          ; --         ;
; IP_TOOL_NAME                        ; FIFO                           ; --            ; --          ; --         ;
; IP_TOOL_VERSION                     ; 12.1                           ; --            ; --          ; --         ;
; IP_TOOL_VERSION                     ; 12.1                           ; --            ; --          ; --         ;
; IP_TOOL_VERSION                     ; 12.1                           ; --            ; --          ; --         ;
; MAX_CORE_JUNCTION_TEMP              ; 85                             ; --            ; --          ; --         ;
; MIN_CORE_JUNCTION_TEMP              ; 0                              ; --            ; --          ; --         ;
; MISC_FILE                           ; ipcore_dir/sdram_pll_bb.v      ; --            ; --          ; --         ;
; MISC_FILE                           ; ipcore_dir/sdram_pll.ppf       ; --            ; --          ; --         ;
; MISC_FILE                           ; ipcore_dir/rdfifo_bb.v         ; --            ; --          ; --         ;
; MISC_FILE                           ; ipcore_dir/wrfifo_bb.v         ; --            ; --          ; --         ;
; MISC_FILE                           ; DEMO_A.dpf                     ; --            ; --          ; --         ;
; OUTPUT_IO_TIMING_FAR_END_VMEAS      ; Half Signal Swing              ; --            ; --          ; --         ;
; OUTPUT_IO_TIMING_FAR_END_VMEAS      ; Half Signal Swing              ; --            ; --          ; --         ;
; OUTPUT_IO_TIMING_NEAR_END_VMEAS     ; Half Vccio                     ; --            ; --          ; --         ;
; OUTPUT_IO_TIMING_NEAR_END_VMEAS     ; Half Vccio                     ; --            ; --          ; --         ;
; PARTITION_COLOR                     ; 16764057                       ; --            ; --          ; Top        ;
; PARTITION_FITTER_PRESERVATION_LEVEL ; PLACEMENT_AND_ROUTING          ; --            ; --          ; Top        ;
; PARTITION_NETLIST_TYPE              ; SOURCE                         ; --            ; --          ; Top        ;
; PROJECT_OUTPUT_DIRECTORY            ; output_files                   ; --            ; --          ; --         ;
; USE_SIGNALTAP_FILE                  ; stp1.stp                       ; --            ; --          ; --         ;
+-------------------------------------+--------------------------------+---------------+-------------+------------+


+-------------------------------------------------------------------------------------------------------------------------------+
; Flow Elapsed Time                                                                                                             ;
+---------------------------+--------------+-------------------------+---------------------+------------------------------------+
; Module Name               ; Elapsed Time ; Average Processors Used ; Peak Virtual Memory ; Total CPU Time (on all processors) ;
+---------------------------+--------------+-------------------------+---------------------+------------------------------------+
; Analysis & Synthesis      ; 00:00:12     ; 1.0                     ; 483 MB              ; 00:00:09                           ;
; Fitter                    ; 00:00:17     ; 2.0                     ; 742 MB              ; 00:00:19                           ;
; Assembler                 ; 00:00:01     ; 1.0                     ; 430 MB              ; 00:00:01                           ;
; TimeQuest Timing Analyzer ; 00:00:14     ; 1.0                     ; 512 MB              ; 00:00:07                           ;
; Total                     ; 00:00:44     ; --                      ; --                  ; 00:00:36                           ;
+---------------------------+--------------+-------------------------+---------------------+------------------------------------+


+----------------------------------------------------------------------------------------+
; Flow OS Summary                                                                        ;
+---------------------------+------------------+-----------+------------+----------------+
; Module Name               ; Machine Hostname ; OS Name   ; OS Version ; Processor type ;
+---------------------------+------------------+-----------+------------+----------------+
; Analysis & Synthesis      ; LAOLUO-PC        ; Windows 7 ; 6.1        ; x86_64         ;
; Fitter                    ; LAOLUO-PC        ; Windows 7 ; 6.1        ; x86_64         ;
; Assembler                 ; LAOLUO-PC        ; Windows 7 ; 6.1        ; x86_64         ;
; TimeQuest Timing Analyzer ; LAOLUO-PC        ; Windows 7 ; 6.1        ; x86_64         ;
+---------------------------+------------------+-----------+------------+----------------+


------------
; Flow Log ;
------------
quartus_map --read_settings_files=on --write_settings_files=off DEMO_A -c DEMO_A
quartus_fit --read_settings_files=off --write_settings_files=off DEMO_A -c DEMO_A
quartus_asm --read_settings_files=off --write_settings_files=off DEMO_A -c DEMO_A
quartus_sta DEMO_A -c DEMO_A



