Flow report for Greedy_snake
Tue Jan 03 18:07:46 2017
Quartus II 64-Bit Version 12.1 Build 177 11/07/2012 SJ Full Version


---------------------
; Table of Contents ;
---------------------
  1. Legal Notice
  2. Flow Summary
  3. Flow Settings
  4. Flow Non-Default Global Settings
  5. Flow Elapsed Time
  6. Flow OS Summary
  7. Flow Log



----------------
; Legal Notice ;
----------------
Copyright (C) 1991-2012 Altera Corporation
Your use of Altera Corporation's design tools, logic functions 
and other software and tools, and its AMPP partner logic 
functions, and any output files from any of the foregoing 
(including device programming or simulation files), and any 
associated documentation or information are expressly subject 
to the terms and conditions of the Altera Program License 
Subscription Agreement, Altera MegaCore Function License 
Agreement, or other applicable license agreement, including, 
without limitation, that your use is for the sole purpose of 
programming logic devices manufactured by Altera and sold by 
Altera or its authorized distributors.  Please refer to the 
applicable agreement for further details.



+--------------------------------------------------------------------------------+
; Flow Summary                                                                   ;
+------------------------------------+-------------------------------------------+
; Flow Status                        ; Successful - Tue Jan 03 18:07:46 2017     ;
; Quartus II 64-Bit Version          ; 12.1 Build 177 11/07/2012 SJ Full Version ;
; Revision Name                      ; Greedy_snake                              ;
; Top-level Entity Name              ; Greedy_snake                              ;
; Family                             ; Cyclone IV E                              ;
; Device                             ; EP4CE6F17C8                               ;
; Timing Models                      ; Final                                     ;
; Total logic elements               ; 1,418 / 6,272 ( 23 % )                    ;
;     Total combinational functions  ; 1,408 / 6,272 ( 22 % )                    ;
;     Dedicated logic registers      ; 523 / 6,272 ( 8 % )                       ;
; Total registers                    ; 523                                       ;
; Total pins                         ; 38 / 180 ( 21 % )                         ;
; Total virtual pins                 ; 0                                         ;
; Total memory bits                  ; 131,072 / 276,480 ( 47 % )                ;
; Embedded Multiplier 9-bit elements ; 0 / 30 ( 0 % )                            ;
; Total PLLs                         ; 1 / 2 ( 50 % )                            ;
+------------------------------------+-------------------------------------------+


+-----------------------------------------+
; Flow Settings                           ;
+-------------------+---------------------+
; Option            ; Setting             ;
+-------------------+---------------------+
; Start date & time ; 01/03/2017 18:07:23 ;
; Main task         ; Compilation         ;
; Revision Name     ; Greedy_snake        ;
+-------------------+---------------------+


+----------------------------------------------------------------------------------------------------------------------------+
; Flow Non-Default Global Settings                                                                                           ;
+-------------------------------------+---------------------------------------+---------------+-------------+----------------+
; Assignment Name                     ; Value                                 ; Default Value ; Entity Name ; Section Id     ;
+-------------------------------------+---------------------------------------+---------------+-------------+----------------+
; COMPILER_SIGNATURE_ID               ; 76966091034539.148343804212948        ; --            ; --          ; --             ;
; EDA_OUTPUT_DATA_FORMAT              ; Verilog Hdl                           ; --            ; --          ; eda_simulation ;
; EDA_SIMULATION_TOOL                 ; ModelSim-Altera (Verilog)             ; <None>        ; --          ; --             ;
; EDA_TIME_SCALE                      ; 1 ns                                  ; --            ; --          ; eda_simulation ;
; IP_TOOL_NAME                        ; ALTPLL                                ; --            ; --          ; --             ;
; IP_TOOL_NAME                        ; ROM: 1-PORT                           ; --            ; --          ; --             ;
; IP_TOOL_NAME                        ; ROM: 1-PORT                           ; --            ; --          ; --             ;
; IP_TOOL_VERSION                     ; 11.0                                  ; --            ; --          ; --             ;
; IP_TOOL_VERSION                     ; 11.0                                  ; --            ; --          ; --             ;
; IP_TOOL_VERSION                     ; 11.0                                  ; --            ; --          ; --             ;
; MAX_CORE_JUNCTION_TEMP              ; 85                                    ; --            ; --          ; --             ;
; MIN_CORE_JUNCTION_TEMP              ; 0                                     ; --            ; --          ; --             ;
; MISC_FILE                           ; Snake_pll_inst.v                      ; --            ; --          ; --             ;
; MISC_FILE                           ; Snake_pll_bb.v                        ; --            ; --          ; --             ;
; MISC_FILE                           ; Snake_pll.ppf                         ; --            ; --          ; --             ;
; MISC_FILE                           ; ex5_start_rom_inst.v                  ; --            ; --          ; --             ;
; MISC_FILE                           ; ex5_start_rom_bb.v                    ; --            ; --          ; --             ;
; MISC_FILE                           ; ex5_over_rom_inst.v                   ; --            ; --          ; --             ;
; MISC_FILE                           ; ex5_over_rom_bb.v                     ; --            ; --          ; --             ;
; NUM_PARALLEL_PROCESSORS             ; All                                   ; --            ; --          ; --             ;
; PARTITION_COLOR                     ; 16764057                              ; --            ; --          ; Top            ;
; PARTITION_FITTER_PRESERVATION_LEVEL ; PLACEMENT_AND_ROUTING                 ; --            ; --          ; Top            ;
; PARTITION_NETLIST_TYPE              ; SOURCE                                ; --            ; --          ; Top            ;
; POWER_BOARD_THERMAL_MODEL           ; None (CONSERVATIVE)                   ; --            ; --          ; --             ;
; POWER_PRESET_COOLING_SOLUTION       ; 23 MM HEAT SINK WITH 200 LFPM AIRFLOW ; --            ; --          ; --             ;
; SMART_RECOMPILE                     ; On                                    ; Off           ; --          ; --             ;
+-------------------------------------+---------------------------------------+---------------+-------------+----------------+


+-------------------------------------------------------------------------------------------------------------------------------+
; Flow Elapsed Time                                                                                                             ;
+---------------------------+--------------+-------------------------+---------------------+------------------------------------+
; Module Name               ; Elapsed Time ; Average Processors Used ; Peak Virtual Memory ; Total CPU Time (on all processors) ;
+---------------------------+--------------+-------------------------+---------------------+------------------------------------+
; Analysis & Synthesis      ; 00:00:05     ; 1.0                     ; 481 MB              ; 00:00:05                           ;
; Fitter                    ; 00:00:08     ; 2.1                     ; 719 MB              ; 00:00:10                           ;
; Assembler                 ; 00:00:01     ; 1.0                     ; 419 MB              ; 00:00:01                           ;
; TimeQuest Timing Analyzer ; 00:00:03     ; 1.0                     ; 483 MB              ; 00:00:03                           ;
; EDA Netlist Writer        ; 00:00:02     ; 1.0                     ; 408 MB              ; 00:00:02                           ;
; Total                     ; 00:00:19     ; --                      ; --                  ; 00:00:21                           ;
+---------------------------+--------------+-------------------------+---------------------+------------------------------------+


+----------------------------------------------------------------------------------------+
; Flow OS Summary                                                                        ;
+---------------------------+------------------+-----------+------------+----------------+
; Module Name               ; Machine Hostname ; OS Name   ; OS Version ; Processor type ;
+---------------------------+------------------+-----------+------------+----------------+
; Analysis & Synthesis      ; LAOLUO-PC        ; Windows 7 ; 6.1        ; x86_64         ;
; Fitter                    ; LAOLUO-PC        ; Windows 7 ; 6.1        ; x86_64         ;
; Assembler                 ; LAOLUO-PC        ; Windows 7 ; 6.1        ; x86_64         ;
; TimeQuest Timing Analyzer ; LAOLUO-PC        ; Windows 7 ; 6.1        ; x86_64         ;
; EDA Netlist Writer        ; LAOLUO-PC        ; Windows 7 ; 6.1        ; x86_64         ;
+---------------------------+------------------+-----------+------------+----------------+


------------
; Flow Log ;
------------
quartus_map --read_settings_files=on --write_settings_files=off Greedy_snake -c Greedy_snake
quartus_fit --read_settings_files=off --write_settings_files=off Greedy_snake -c Greedy_snake
quartus_asm --read_settings_files=off --write_settings_files=off Greedy_snake -c Greedy_snake
quartus_sta Greedy_snake -c Greedy_snake
quartus_eda --read_settings_files=off --write_settings_files=off Greedy_snake -c Greedy_snake



